<?xml version="1.0" encoding="UTF-8"?>
<testsuite name="infrastructure.MainTest" tests="1" skipped="0" failures="0" errors="0" timestamp="2023-05-21T21:26:20" hostname="DESKTOP-108PFB8" time="0.02">
  <properties/>
  <testcase name="testMain()" classname="infrastructure.MainTest" time="0.02"/>
  <system-out><![CDATA[Hello world!
org.orcacivil.domain.orcamento.Orcamento@56286f16
]]></system-out>
  <system-err><![CDATA[]]></system-err>
</testsuite>
