<?xml version="1.0" encoding="UTF-8"?>
<testsuite name="infrastructure.MainTest" tests="1" skipped="0" failures="0" errors="0" timestamp="2023-05-21T11:37:30" hostname="DESKTOP-108PFB8" time="0.029">
  <properties/>
  <testcase name="testMain()" classname="infrastructure.MainTest" time="0.029"/>
  <system-out><![CDATA[Hello world!
org.orcacivil.domain.Orcamento@1b1cfb87
]]></system-out>
  <system-err><![CDATA[]]></system-err>
</testsuite>
