<?xml version="1.0" encoding="UTF-8"?>
<testsuite name="domain.orcamento.OrcamentoTest" tests="1" skipped="0" failures="0" errors="0" timestamp="2023-05-28T21:37:31" hostname="DESKTOP-108PFB8" time="0.02">
  <properties/>
  <testcase name="givenInvalidNullName_whenCallNewOrcamentoAndValidate_whenShouldRecciveError()" classname="domain.orcamento.OrcamentoTest" time="0.02"/>
  <system-out><![CDATA[]]></system-out>
  <system-err><![CDATA[]]></system-err>
</testsuite>
