<?xml version="1.0" encoding="UTF-8"?>
<testsuite name="domain.OrcamentoTest" tests="1" skipped="0" failures="0" errors="0" timestamp="2023-05-20T23:47:08" hostname="DESKTOP-108PFB8" time="0.017">
  <properties/>
  <testcase name="TestNewOrcamento()" classname="domain.OrcamentoTest" time="0.017"/>
  <system-out><![CDATA[]]></system-out>
  <system-err><![CDATA[]]></system-err>
</testsuite>
